     1                                  %define ROWS 4
     2                                  %define COLUMNS 6    
     3                                  
     4                                      section .data
     5 00000000 456E746572206D6174-     prsNum db "Enter matrix:", 10
     5 00000009 7269783A0A         
     6                                  lenPrsNum equ $-prsNum
     7 0000000E 20                      space db " "
     8 0000000F 0A                      endLine db 10
     9 00000010 526573756C743A0A        ExitMsg db "Result:", 10
    10                                  lenExit equ $-ExitMsg
    11                                  
    12                                      section .bss
    13 00000000 <res 1Eh>               InBuf resb 30
    14                                  lenIn equ $-InBuf
    15 0000001E <res Ah>                OutBuf resb 10
    16 00000028 <res C0h>               mat resq 24
    17                                  
    18                                      section .text
    19                                      global _start
    20                                  _start:
    21 00000000 B801000000                  mov rax, 1
    22 00000005 BF01000000                  mov rdi, 1
    23 0000000A 48BE-                       mov rsi, prsNum
    23 0000000C [0000000000000000] 
    24 00000014 BA0E000000                  mov rdx, lenPrsNum
    25 00000019 0F05                        syscall
    26                                  
    27 0000001B B904000000                  mov rcx, ROWS
    28 00000020 4831FF                      xor rdi, rdi
    29                                  
    30                                  read_line:
    31 00000023 51                          push rcx
    32 00000024 57                          push rdi
    33                                      
    34 00000025 B800000000                  mov rax, 0
    35 0000002A BF00000000                  mov rdi, 0
    36 0000002F 48BE-                       mov rsi, InBuf
    36 00000031 [0000000000000000] 
    37 00000039 BA1E000000                  mov rdx, lenIn
    38 0000003E 0F05                        syscall
    39                                      
    40 00000040 5F                          pop rdi
    41 00000041 4889C1                      mov rcx, rax
    42 00000044 4831D2                      xor rdx, rdx
    43 00000047 4D31C0                      xor r8, r8
    44                                  
    45                                  process_line:
    46 0000004A 80BA[00000000]0A            cmp byte[InBuf + rdx], 10
    47 00000051 7412                        je process_number
    48                                      
    49 00000053 80BA[00000000]20            cmp byte[InBuf + rdx], ' '
    50 0000005A 7531                        jne next_sym
    51                                  
    52 0000005C C682[00000000]0A            mov byte[InBuf + rdx], 10
    53 00000063 EB00                        jmp process_number
    54                                  
    55                                  process_number:
    56 00000065 52                          push rdx
    57 00000066 E863020000                  call StrToInt64 
    58 0000006B 83FB00                      cmp ebx, 0
    59 0000006E 0F85A4020000                jne StrToInt64.Error
    60 00000074 488904FD[28000000]          mov [mat + 8 * rdi], rax
    61 0000007C 48FFC7                      inc rdi
    62                                      
    63 0000007F 5A                          pop rdx
    64 00000080 4989D0                      mov r8, rdx
    65 00000083 49FFC0                      inc r8
    66 00000086 498DB0[00000000]            lea rsi, [InBuf + r8]
    67                                  next_sym:
    68 0000008D 48FFC2                      inc rdx
    69 00000090 E2B8                        loop process_line
    70                                  
    71 00000092 59                          pop rcx
    72 00000093 48FFC9                      dec rcx
    73 00000096 4883F900                    cmp rcx, 0
    74 0000009A 7587                        jne read_line
    75                                      
    76 0000009C 4831C9                      xor rcx, rcx
    77 0000009F B906000000                  mov rcx, COLUMNS
    78 000000A4 4D31C9                      xor r9, r9
    79 000000A7 41B906000000                mov r9, COLUMNS
    80 000000AD 49FFC9                      dec r9
    81                                  
    82                                  even_columns:
    83 000000B0 48FFC9                      dec rcx
    84 000000B3 4883F9FF                    cmp rcx, -1
    85 000000B7 0F84F1000000                je write_mat
    86 000000BD 51                          push rcx
    87 000000BE 4889CA                      mov rdx, rcx
    88 000000C1 4831C0                      xor rax, rax
    89 000000C4 B904000000                  mov rcx, ROWS
    90                                  summing_column:
    91 000000C9 48FFC9                      dec rcx
    92 000000CC 41BA08000000                mov r10, 8
    93 000000D2 4D89CB                      mov r11, r9
    94 000000D5 49FFC3                      inc r11
    95 000000D8 4D0FAFD3                    imul r10, r11
    96 000000DC 4C0FAFD1                    imul r10, rcx
    97 000000E0 490384D2[28000000]          add rax, qword[mat + 8 * rdx + r10]
    98 000000E8 4883F900                    cmp rcx, 0
    99 000000EC 75DB                        jne summing_column
   100                                      
   101 000000EE 59                          pop rcx
   102 000000EF 66BB0200                    mov bx, 2
   103 000000F3 6699                        cwd
   104 000000F5 66F7FB                      idiv bx
   105 000000F8 4883FA00                    cmp rdx, 0
   106 000000FC 75B2                        jne even_columns  
   107                                      
   108 000000FE 51                          push rcx
   109 000000FF 4C39C9                      cmp rcx, r9
   110 00000102 7441                        je data_shift
   111                                      
   112 00000104 4889CB                      mov rbx, rcx    
   113                                  columns_shift:
   114 00000107 B904000000                  mov rcx, ROWS
   115                                  c_shift:
   116 0000010C 48FFC9                      dec rcx
   117 0000010F 41BA08000000                mov r10, 8
   118 00000115 4D89CB                      mov r11, r9
   119 00000118 49FFC3                      inc r11
   120 0000011B 4D0FAFD3                    imul r10, r11
   121 0000011F 4C0FAFD1                    imul r10, rcx
   122 00000123 4983EB08                    sub r11, 8
   123 00000127 498B94DA[30000000]          mov rdx, qword[mat + r10 + 8 * rbx + 8]
   124 0000012F 498994DA[28000000]          mov [mat + r10 + 8 * rbx], rdx
   125 00000137 4883F900                    cmp rcx, 0
   126 0000013B 75CF                        jne c_shift
   127                                      
   128 0000013D 48FFC3                      inc rbx
   129 00000140 4C39CB                      cmp rbx, r9
   130 00000143 75C2                        jne columns_shift
   131                                  
   132                                  data_shift:
   133 00000145 B904000000                  mov rcx, ROWS
   134                                      
   135                                  n_shift:
   136 0000014A 48FFC9                      dec rcx
   137 0000014D B804000000                  mov rax, ROWS
   138 00000152 4829C8                      sub rax, rcx
   139 00000155 4C89CA                      mov rdx, r9
   140 00000158 48FFC2                      inc rdx
   141 0000015B 480FAFC2                    imul rax, rdx
   142                                  
   143 0000015F 41BA08000000                mov r10, 8
   144 00000165 4D89CB                      mov r11, r9
   145 00000168 49FFC3                      inc r11
   146 0000016B 4D0FAFD3                    imul r10, r11
   147 0000016F 4C0FAFD1                    imul r10, rcx
   148 00000173 4983EA08                    sub r10, 8
   149 00000177 BA00000000                  mov rdx, 0
   150 0000017C 498994C2[28000000]          mov qword[mat + r10 + 8 * rax], rdx
   151 00000184 4831DB                      xor rbx, rbx
   152                                  n_swap:
   153 00000187 498B94DA[30000000]          mov rdx, qword[mat + r10 + 8 * rbx + 8]
   154 0000018F 498994DA[28000000]          mov [mat + r10 + 8 * rbx], rdx
   155 00000197 48FFC3                      inc rbx
   156 0000019A 4839C3                      cmp rbx, rax
   157 0000019D 75E8                        jne n_swap
   158                                  
   159 0000019F 4883F901                    cmp rcx, 1
   160 000001A3 75A5                        jne n_shift
   161                                  
   162 000001A5 59                          pop rcx
   163 000001A6 49FFC9                      dec r9
   164 000001A9 E902FFFFFF                  jmp even_columns
   165                                      
   166                                  
   167                                  write_mat:
   168 000001AE B801000000                  mov rax, 1
   169 000001B3 BF01000000                  mov rdi, 1
   170 000001B8 48BE-                       mov rsi, ExitMsg
   170 000001BA [1000000000000000] 
   171 000001C2 BA08000000                  mov rdx, lenExit
   172 000001C7 0F05                        syscall
   173 000001C9 4983F9FF                    cmp r9, -1
   174 000001CD 7468                        je exit
   175 000001CF 48C7C3FFFFFFFF              mov rbx, -1
   176                                  write_line:
   177 000001D6 4883FB03                    cmp rbx, 3
   178 000001DA 745B                        je exit
   179 000001DC 48FFC3                      inc rbx
   180 000001DF 48C7C1FFFFFFFF              mov rcx, -1
   181                                  write_num:
   182 000001E6 48FFC1                      inc rcx
   183 000001E9 51                          push rcx
   184 000001EA 41BA08000000                mov r10, 8
   185 000001F0 4D89CB                      mov r11, r9
   186 000001F3 49FFC3                      inc r11
   187 000001F6 4D0FAFD3                    imul r10, r11
   188 000001FA 4C0FAFD3                    imul r10, rbx
   189 000001FE 48BE-                       mov rsi, OutBuf
   189 00000200 [1E00000000000000] 
   190 00000208 498B84CA[28000000]          mov rax, [mat + r10 + 8 * rcx]
   191 00000210 98                          cwde
   192 00000211 E86A000000                  call IntToStr64
   193 00000216 4889C2                      mov rdx, rax
   194 00000219 B801000000                  mov rax, 1 
   195 0000021E BF01000000                  mov rdi, 1 
   196 00000223 48BE-                       mov rsi, OutBuf 
   196 00000225 [1E00000000000000] 
   197 0000022D 0F05                        syscall
   198 0000022F 59                          pop rcx
   199 00000230 4C39C9                      cmp rcx, r9
   200 00000233 750C                        jne print_space
   201 00000235 EB29                        jmp end_line
   202                                  
   203                                  exit:
   204 00000237 B83C000000                  mov rax, 60
   205 0000023C 4831FF                      xor rdi, rdi
   206 0000023F 0F05                        syscall
   207                                  
   208                                  print_space:
   209 00000241 51                          push rcx
   210 00000242 B801000000                  mov rax, 1
   211 00000247 BF01000000                  mov rdi, 1
   212 0000024C 48BE-                       mov rsi, space
   212 0000024E [0E00000000000000] 
   213 00000256 BA01000000                  mov rdx, 1
   214 0000025B 0F05                        syscall
   215 0000025D 59                          pop rcx
   216 0000025E EB86                        jmp write_num
   217                                  
   218                                  end_line:
   219 00000260 B801000000                  mov rax, 1
   220 00000265 BF01000000                  mov rdi, 1
   221 0000026A 48BE-                       mov rsi, endLine
   221 0000026C [0F00000000000000] 
   222 00000274 BA01000000                  mov rdx, 1
   223 00000279 0F05                        syscall
   224 0000027B E956FFFFFF                  jmp write_line    
   225                                  %include "../lib642.asm"
   226                              <1>          section .text     ; сегмент кода
   227                              <1> IntToStr64: 
   228 00000280 57                  <1>          push   rdi
   229 00000281 53                  <1>          push   rbx
   230 00000282 52                  <1>          push   rdx
   231 00000283 51                  <1>          push   rcx
   232 00000284 56                  <1> 		 push   rsi
   233 00000285 C60600              <1> 		 mov    byte[rsi],0 ; на место знака
   234 00000288 83F800              <1>          cmp    eax,0
   235 0000028B 7D05                <1>          jge    .l1
   236 0000028D F7D8                <1>          neg    eax
   237 0000028F C6062D              <1>          mov    byte[rsi],'-'
   238 00000292 BF05000000          <1> .l1      mov    rdi,5
   239 00000297 66BB0A00            <1>          mov    bx,10
   240                              <1>         
   241 0000029B 6699                <1> .again:  cwd           ; расширили слово до двойного
   242 0000029D 66F7F3              <1>          div    bx     ; делим результат на 10
   243 000002A0 80C230              <1>          add    dl,30h ; получаем из остатка код цифры
   244 000002A3 88143E              <1>          mov    [rsi+rdi],dl ; пишем символ в строку
   245 000002A6 48FFCF              <1>          dec    rdi    ; переводим указатель на  
   246                              <1>                        ; предыдущую позицию
   247 000002A9 6683F800            <1>          cmp    ax, 0  ; преобразовали все число?
   248 000002AD 75EC                <1>          jne    .again
   249 000002AF B906000000          <1>          mov    rcx, 6
   250 000002B4 4829F9              <1>          sub    rcx, rdi ; длина результата+знак
   251 000002B7 4889C8              <1> 		 mov    rax,rcx
   252 000002BA 48FFC0              <1> 		 inc    rax    ; длина результата+OA
   253 000002BD 48FFC6              <1>          inc    rsi    ; пропускаем знак
   254 000002C0 56                  <1> 		 push   rsi
   255 000002C1 488D343E            <1>          lea    rsi,[rsi+rdi] ; начало результата
   256 000002C5 5F                  <1> 		 pop    rdi
   257 000002C6 F3A4                <1>          rep movsb
   258 000002C8 5E                  <1>          pop    rsi  
   259 000002C9 59                  <1>          pop    rcx
   260 000002CA 5A                  <1>          pop    rdx
   261 000002CB 5B                  <1>          pop    rbx
   262 000002CC 5F                  <1>          pop    rdi
   263 000002CD C3                  <1>          ret
   264                              <1> StrToInt64:
   265 000002CE 57                  <1>          push   rdi
   266 000002CF B739                <1>          mov    bh, '9'
   267 000002D1 B330                <1>          mov    bl, '0'
   268 000002D3 56                  <1>          push   rsi     ; сохран€ем адрес исходной строки
   269 000002D4 803E2D              <1>          cmp    byte[rsi], '-'
   270 000002D7 7503                <1>          jne    .prod
   271 000002D9 48FFC6              <1>          inc    rsi     ; пропускаем знак
   272 000002DC FC                  <1> .prod    cld
   273 000002DD 6631FF              <1>          xor    di, di  ; обнул€ем будущее число
   274 000002E0 AC                  <1> .cycle:  lodsb          ; загружаем символ (цифру)
   275 000002E1 3C0A                <1>          cmp    al, 10  ; если 10, то на конец
   276 000002E3 741F                <1>          je     .Return
   277 000002E5 38D8                <1>          cmp    al, bl  ; сравниваем с кодом нул€
   278 000002E7 722F                <1>          jb     .Error  ; "ниже" Ц ќшибка
   279 000002E9 38F8                <1>          cmp    al, bh  ; сравниваем с кодом дев€ти 
   280 000002EB 772B                <1>          ja     .Error  ; "выше" Ц ќшибка
   281 000002ED 2C30                <1>          sub    al, 30h ; получаем цифру из символа
   282 000002EF 6698                <1>          cbw            ; расшир€ем до слова
   283 000002F1 6650                <1>          push   ax      ; сохран€ем в стеке
   284 000002F3 66B80A00            <1>          mov    ax, 10  ; заносим 10 в AX
   285 000002F7 66F7E7              <1>          mul    di      ; умножаем, результат в DX:AX
   286 000002FA 665F                <1>          pop    di      ; в DI Ц очередна€ цифра
   287 000002FC 6601F8              <1>          add    ax, di
   288 000002FF 6689C7              <1>          mov    di, ax  ; в DI Ц накопленное число        
   289 00000302 EBDC                <1>          jmp    .cycle
   290 00000304 5E                  <1> .Return: pop    rsi
   291 00000305 BB00000000          <1>          mov    rbx, 0
   292 0000030A 803E2D              <1>          cmp    byte[rsi], '-'
   293 0000030D 7503                <1>          jne    .J
   294 0000030F 66F7DF              <1>          neg    di
   295 00000312 6689F8              <1> .J       mov    ax, di
   296 00000315 98                  <1>          cwde
   297 00000316 EB0B                <1>          jmp    .R
   298 00000318 5E                  <1> .Error:  pop    rsi
   299 00000319 B800000000          <1>          mov    rax, 0
   300 0000031E BB01000000          <1>          mov    rbx, 1
   301 00000323 5F                  <1> .R       pop    rdi
   302 00000324 C3                  <1>          ret
